Performing C SOURCE FILE Test CMAKE_HAVE_LIBC_PTHREAD failed with the following output:
Change Dir: /root/TensorRT-CenterNet/build/CMakeFiles/CMakeTmp

Run Build Command(s):/usr/bin/make cmTC_570e4/fast && /usr/bin/make  -f CMakeFiles/cmTC_570e4.dir/build.make CMakeFiles/cmTC_570e4.dir/build
make[1]: Entering directory '/root/TensorRT-CenterNet/build/CMakeFiles/CMakeTmp'
Building C object CMakeFiles/cmTC_570e4.dir/src.c.o
/usr/bin/cc   -DCMAKE_HAVE_LIBC_PTHREAD -fPIE -o CMakeFiles/cmTC_570e4.dir/src.c.o -c /root/TensorRT-CenterNet/build/CMakeFiles/CMakeTmp/src.c
Linking C executable cmTC_570e4
/opt/cmake-3.18.0-rc4-Linux-x86_64/bin/cmake -E cmake_link_script CMakeFiles/cmTC_570e4.dir/link.txt --verbose=1
/usr/bin/cc  -DCMAKE_HAVE_LIBC_PTHREAD -rdynamic CMakeFiles/cmTC_570e4.dir/src.c.o -o cmTC_570e4 
CMakeFiles/cmTC_570e4.dir/src.c.o: In function `main':
src.c:(.text+0x3e): undefined reference to `pthread_create'
src.c:(.text+0x4a): undefined reference to `pthread_detach'
src.c:(.text+0x56): undefined reference to `pthread_cancel'
src.c:(.text+0x67): undefined reference to `pthread_join'
src.c:(.text+0x7b): undefined reference to `pthread_atfork'
collect2: error: ld returned 1 exit status
CMakeFiles/cmTC_570e4.dir/build.make:105: recipe for target 'cmTC_570e4' failed
make[1]: *** [cmTC_570e4] Error 1
make[1]: Leaving directory '/root/TensorRT-CenterNet/build/CMakeFiles/CMakeTmp'
Makefile:140: recipe for target 'cmTC_570e4/fast' failed
make: *** [cmTC_570e4/fast] Error 2


Source file was:
#include <pthread.h>

void* test_func(void* data)
{
  return data;
}

int main(void)
{
  pthread_t thread;
  pthread_create(&thread, NULL, test_func, NULL);
  pthread_detach(thread);
  pthread_cancel(thread);
  pthread_join(thread, NULL);
  pthread_atfork(NULL, NULL, NULL);
  pthread_exit(NULL);

  return 0;
}

Determining if the function pthread_create exists in the pthreads failed with the following output:
Change Dir: /root/TensorRT-CenterNet/build/CMakeFiles/CMakeTmp

Run Build Command(s):/usr/bin/make cmTC_d57b0/fast && /usr/bin/make  -f CMakeFiles/cmTC_d57b0.dir/build.make CMakeFiles/cmTC_d57b0.dir/build
make[1]: Entering directory '/root/TensorRT-CenterNet/build/CMakeFiles/CMakeTmp'
Building C object CMakeFiles/cmTC_d57b0.dir/CheckFunctionExists.c.o
/usr/bin/cc   -DCHECK_FUNCTION_EXISTS=pthread_create -fPIE -o CMakeFiles/cmTC_d57b0.dir/CheckFunctionExists.c.o -c /opt/cmake-3.18.0-rc4-Linux-x86_64/share/cmake-3.18/Modules/CheckFunctionExists.c
Linking C executable cmTC_d57b0
/opt/cmake-3.18.0-rc4-Linux-x86_64/bin/cmake -E cmake_link_script CMakeFiles/cmTC_d57b0.dir/link.txt --verbose=1
/usr/bin/cc  -DCHECK_FUNCTION_EXISTS=pthread_create -rdynamic CMakeFiles/cmTC_d57b0.dir/CheckFunctionExists.c.o -o cmTC_d57b0  -lpthreads 
/usr/bin/ld: cannot find -lpthreads
collect2: error: ld returned 1 exit status
CMakeFiles/cmTC_d57b0.dir/build.make:105: recipe for target 'cmTC_d57b0' failed
make[1]: *** [cmTC_d57b0] Error 1
make[1]: Leaving directory '/root/TensorRT-CenterNet/build/CMakeFiles/CMakeTmp'
Makefile:140: recipe for target 'cmTC_d57b0/fast' failed
make: *** [cmTC_d57b0/fast] Error 2



